Build started 9/23/2015 4:27:33 PM.
     1>Project "C:\Users\user\documents\visual studio 2013\Projects\GameEngine\GameEngine\GameEngine.vcxproj" on node 2 (Build target(s)).
     1>ClCompile:
         E:\Program Files (x86)\Microsoft Visual Studio 12.0\VC\bin\CL.exe /c /ZI /nologo /W3 /WX- /sdl /Od /Oy- /D _MBCS /Gm /EHsc /RTC1 /MDd /GS /fp:precise /Zc:wchar_t /Zc:forScope /Fo"Debug\\" /Fd"Debug\vc120.pdb" /Gd /TP /analyze- /errorReport:prompt MainGame.cpp Source.cpp
         Source.cpp
     1>c:\users\user\documents\visual studio 2013\projects\gameengine\gameengine\camera.h(21): warning C4305: 'initializing' : truncation from 'double' to 'float'
         MainGame.cpp
     1>c:\users\user\documents\visual studio 2013\projects\gameengine\gameengine\camera.h(21): warning C4305: 'initializing' : truncation from 'double' to 'float'
     1>c:\users\user\documents\visual studio 2013\projects\gameengine\gameengine\maingame.cpp(107): warning C4244: 'initializing' : conversion from 'Uint32' to 'float', possible loss of data
     1>c:\users\user\documents\visual studio 2013\projects\gameengine\gameengine\maingame.cpp(125): warning C4244: 'argument' : conversion from 'float' to 'Uint32', possible loss of data
     1>c:\users\user\documents\visual studio 2013\projects\gameengine\gameengine\maingame.cpp(266): warning C4244: 'initializing' : conversion from 'Uint32' to 'float', possible loss of data
     1>c:\users\user\documents\visual studio 2013\projects\gameengine\gameengine\maingame.cpp(269): warning C4244: '=' : conversion from 'Uint32' to 'float', possible loss of data
         Generating Code...
       Link:
         E:\Program Files (x86)\Microsoft Visual Studio 12.0\VC\bin\link.exe /ERRORREPORT:PROMPT /OUT:"C:\Users\user\documents\visual studio 2013\Projects\GameEngine\Debug\GameEngine.exe" /INCREMENTAL /NOLOGO SDL2.lib SDL2main.lib SDL2test.lib glew32s.lib glew32.lib opengl32.lib SOIL.lib glu32.lib kernel32.lib user32.lib gdi32.lib winspool.lib comdlg32.lib advapi32.lib shell32.lib ole32.lib oleaut32.lib uuid.lib odbc32.lib odbccp32.lib /MANIFEST /MANIFESTUAC:"level='asInvoker' uiAccess='false'" /manifest:embed /DEBUG /PDB:"C:\Users\user\documents\visual studio 2013\Projects\GameEngine\Debug\GameEngine.pdb" /SUBSYSTEM:CONSOLE /TLBID:1 /DYNAMICBASE /NXCOMPAT /IMPLIB:"C:\Users\user\documents\visual studio 2013\Projects\GameEngine\Debug\GameEngine.lib" /MACHINE:X86 Debug\Camera.obj
         Debug\Errors.obj
         Debug\MainGame.obj
         Debug\ObjLoader.obj
         Debug\Source.obj
         SOIL.lib(SOIL.obj) : MSIL .netmodule or module compiled with /GL found; restarting link with /LTCG; add /LTCG to the link command line to improve linker performance
     1>LINK : warning LNK4075: ignoring '/INCREMENTAL' due to '/LTCG' specification
     1>Camera.obj : warning LNK4075: ignoring '/EDITANDCONTINUE' due to '/OPT:LBR' specification
     1>LINK : warning LNK4098: defaultlib 'MSVCRT' conflicts with use of other libs; use /NODEFAULTLIB:library
         Generating code
         Finished generating code
         GameEngine.vcxproj -> C:\Users\user\documents\visual studio 2013\Projects\GameEngine\Debug\GameEngine.exe
     1>Done Building Project "C:\Users\user\documents\visual studio 2013\Projects\GameEngine\GameEngine\GameEngine.vcxproj" (Build target(s)).

Build succeeded.

Time Elapsed 00:00:03.44
