c:\users\user\documents\visual studio 2013\projects\gameengine\gameengine\x64\release\vc120.pdb
c:\users\user\documents\visual studio 2013\projects\gameengine\gameengine\x64\release\source.obj
c:\users\user\documents\visual studio 2013\projects\gameengine\gameengine\x64\release\objloader.obj
c:\users\user\documents\visual studio 2013\projects\gameengine\gameengine\x64\release\maingame.obj
c:\users\user\documents\visual studio 2013\projects\gameengine\gameengine\x64\release\errors.obj
c:\users\user\documents\visual studio 2013\projects\gameengine\gameengine\x64\release\camera.obj
c:\users\reuben brenner-adams\documents\github\engines-opengl\gameengine\gameengine\x64\release\vc120.pdb
c:\users\reuben brenner-adams\documents\github\engines-opengl\gameengine\gameengine\x64\release\errors.obj
c:\users\reuben brenner-adams\documents\github\engines-opengl\gameengine\gameengine\x64\release\camera.obj
c:\users\reuben brenner-adams\documents\github\engines-opengl\gameengine\gameengine\x64\release\source.obj
c:\users\reuben brenner-adams\documents\github\engines-opengl\gameengine\gameengine\x64\release\objloader.obj
c:\users\reuben brenner-adams\documents\github\engines-opengl\gameengine\gameengine\x64\release\maingame.obj
c:\users\reuben brenner-adams\documents\github\engines-opengl\gameengine\gameengine\x64\release\gameengine.tlog\cl.command.1.tlog
c:\users\reuben brenner-adams\documents\github\engines-opengl\gameengine\gameengine\x64\release\gameengine.tlog\cl.read.1.tlog
c:\users\reuben brenner-adams\documents\github\engines-opengl\gameengine\gameengine\x64\release\gameengine.tlog\cl.write.1.tlog
c:\users\reuben brenner-adams\documents\github\engines-opengl\gameengine\gameengine\x64\release\gameengine.tlog\link-cvtres.read.1.tlog
c:\users\reuben brenner-adams\documents\github\engines-opengl\gameengine\gameengine\x64\release\gameengine.tlog\link-cvtres.write.1.tlog
c:\users\reuben brenner-adams\documents\github\engines-opengl\gameengine\gameengine\x64\release\gameengine.tlog\link-rc.read.1.tlog
c:\users\reuben brenner-adams\documents\github\engines-opengl\gameengine\gameengine\x64\release\gameengine.tlog\link-rc.write.1.tlog
c:\users\reuben brenner-adams\documents\github\engines-opengl\gameengine\gameengine\x64\release\gameengine.tlog\link.command.1.tlog
c:\users\reuben brenner-adams\documents\github\engines-opengl\gameengine\gameengine\x64\release\gameengine.tlog\link.read.1.tlog
c:\users\reuben brenner-adams\documents\github\engines-opengl\gameengine\gameengine\x64\release\gameengine.tlog\link.write.1.tlog
